<?xml version="1.0" encoding="UTF-8"?>
<!-- Generated by org.testng.reporters.JUnitXMLReporter -->
<testsuite hostname="500010351072-NB.local" ignored="0" name="Access and validate API" tests="2" failures="0" timestamp="23 Mar 2019 17:43:31 GMT" time="4.483" errors="0">
  <testcase name="testBRLcurrency" time="3.529" classname="br.com.VH.framework.tests.API.CurrencyAPI"/>
  <testcase name="testCADcurrency" time="0.897" classname="br.com.VH.framework.tests.API.CurrencyAPI"/>
</testsuite> <!-- Access and validate API -->
