<?xml version="1.0" encoding="UTF-8"?>
<!-- Generated by org.testng.reporters.JUnitXMLReporter -->
<testsuite hostname="500010351072-NB.local" ignored="0" name="Acessar o app Maps via iOS" tests="1" failures="1" timestamp="23 Mar 2019 13:42:48 GMT" time="121.16" errors="0">
  <testcase name="accessGooglePage" time="7.605" classname="br.com.VH.framework.tests.mobile.AccessMapsiOS">
    <failure type="org.openqa.selenium.NoSuchSessionException" message="Session does not exist
Build info: version: &amp;apos;3.141.59&amp;apos;, revision: &amp;apos;e82be7d358&amp;apos;, time: &amp;apos;2018-11-14T08:17:03&amp;apos;
System info: host: &amp;apos;500010351072-NB.local&amp;apos;, ip: &amp;apos;fe80:0:0:0:1496:c7a9:696c:62c7%en0&amp;apos;, os.name: &amp;apos;Mac OS X&amp;apos;, os.arch: &amp;apos;x86_64&amp;apos;, os.version: &amp;apos;10.13.6&amp;apos;, java.version: &amp;apos;1.8.0_101&amp;apos;
Driver info: io.appium.java_client.ios.IOSDriver
Capabilities {browserName: , bundleId: com.apple.Maps, databaseEnabled: false, deviceName: iPhone XR, javascriptEnabled: true, locationContextEnabled: false, networkConnectionEnabled: false, platform: MAC, platformName: iOS, platformVersion: 12.1, takesScreenshot: true, udid: E08FE22E-7F49-4331-9C06-606..., webStorageEnabled: false}
Session ID: 95da8672-1ce7-45f6-97bb-4af43f2af271">
      <![CDATA[org.openqa.selenium.NoSuchSessionException: Session does not exist
Build info: version: '3.141.59', revision: 'e82be7d358', time: '2018-11-14T08:17:03'
System info: host: '500010351072-NB.local', ip: 'fe80:0:0:0:1496:c7a9:696c:62c7%en0', os.name: 'Mac OS X', os.arch: 'x86_64', os.version: '10.13.6', java.version: '1.8.0_101'
Driver info: io.appium.java_client.ios.IOSDriver
Capabilities {browserName: , bundleId: com.apple.Maps, databaseEnabled: false, deviceName: iPhone XR, javascriptEnabled: true, locationContextEnabled: false, networkConnectionEnabled: false, platform: MAC, platformName: iOS, platformVersion: 12.1, takesScreenshot: true, udid: E08FE22E-7F49-4331-9C06-606..., webStorageEnabled: false}
Session ID: 95da8672-1ce7-45f6-97bb-4af43f2af271
at org.openqa.selenium.remote.http.W3CHttpResponseCodec.createException(W3CHttpResponseCodec.java:187)
at org.openqa.selenium.remote.http.W3CHttpResponseCodec.decode(W3CHttpResponseCodec.java:122)
at org.openqa.selenium.remote.http.W3CHttpResponseCodec.decode(W3CHttpResponseCodec.java:49)
at org.openqa.selenium.remote.HttpCommandExecutor.execute(HttpCommandExecutor.java:158)
at io.appium.java_client.remote.AppiumCommandExecutor.execute(AppiumCommandExecutor.java:239)
at org.openqa.selenium.remote.RemoteWebDriver.execute(RemoteWebDriver.java:552)
at io.appium.java_client.DefaultGenericMobileDriver.execute(DefaultGenericMobileDriver.java:42)
at io.appium.java_client.AppiumDriver.execute(AppiumDriver.java:1)
at io.appium.java_client.ios.IOSDriver.execute(IOSDriver.java:1)
at io.appium.java_client.PerformsTouchActions.performTouchAction(PerformsTouchActions.java:41)
at io.appium.java_client.TouchAction.perform(TouchAction.java:187)
at br.com.VH.framework.tests.pageObjects.DeviceHome.horizontalSwipeByPercentage(DeviceHome.java:67)
at br.com.VH.framework.tests.mobile.AccessMapsiOS.accessGooglePage(AccessMapsiOS.java:70)
... Removed 29 stack frames]]>
    </failure>
  </testcase> <!-- accessGooglePage -->
</testsuite> <!-- Acessar o app Maps via iOS -->
