<?xml version="1.0" encoding="UTF-8"?>
<!-- Generated by org.testng.reporters.JUnitXMLReporter -->
<testsuite hostname="500010351072-NB.local" ignored="0" name="Acessar o app Maps via iOS" tests="1" failures="0" timestamp="22 Mar 2019 18:46:13 GMT" time="0.274" errors="0">
  <testcase name="@BeforeTest preRequisites" time="0.207" classname="br.com.VH.framework.tests.mobile.AccessMapsiOS">
    <failure type="org.openqa.selenium.WebDriverException" message="Connection refused
Build info: version: &amp;apos;3.141.59&amp;apos;, revision: &amp;apos;e82be7d358&amp;apos;, time: &amp;apos;2018-11-14T08:17:03&amp;apos;
System info: host: &amp;apos;500010351072-NB.local&amp;apos;, ip: &amp;apos;fe80:0:0:0:1496:c7a9:696c:62c7%en0&amp;apos;, os.name: &amp;apos;Mac OS X&amp;apos;, os.arch: &amp;apos;x86_64&amp;apos;, os.version: &amp;apos;10.13.6&amp;apos;, java.version: &amp;apos;1.8.0_101&amp;apos;
Driver info: driver.version: IOSDriver">
      <![CDATA[org.openqa.selenium.WebDriverException: Connection refused
Build info: version: '3.141.59', revision: 'e82be7d358', time: '2018-11-14T08:17:03'
System info: host: '500010351072-NB.local', ip: 'fe80:0:0:0:1496:c7a9:696c:62c7%en0', os.name: 'Mac OS X', os.arch: 'x86_64', os.version: '10.13.6', java.version: '1.8.0_101'
Driver info: driver.version: IOSDriver
at io.appium.java_client.remote.AppiumCommandExecutor.lambda$5(AppiumCommandExecutor.java:251)
at java.util.Optional.orElseGet(Optional.java:267)
at io.appium.java_client.remote.AppiumCommandExecutor.execute(AppiumCommandExecutor.java:250)
at org.openqa.selenium.remote.RemoteWebDriver.execute(RemoteWebDriver.java:552)
at io.appium.java_client.DefaultGenericMobileDriver.execute(DefaultGenericMobileDriver.java:42)
at io.appium.java_client.AppiumDriver.execute(AppiumDriver.java:1)
at io.appium.java_client.ios.IOSDriver.execute(IOSDriver.java:1)
at org.openqa.selenium.remote.RemoteWebDriver.startSession(RemoteWebDriver.java:213)
at org.openqa.selenium.remote.RemoteWebDriver.<init>(RemoteWebDriver.java:131)
at io.appium.java_client.DefaultGenericMobileDriver.<init>(DefaultGenericMobileDriver.java:38)
at io.appium.java_client.AppiumDriver.<init>(AppiumDriver.java:84)
at io.appium.java_client.AppiumDriver.<init>(AppiumDriver.java:94)
at io.appium.java_client.ios.IOSDriver.<init>(IOSDriver.java:95)
at br.com.VH.framework.helper.Utils.initializeiOSDriver(Utils.java:425)
at br.com.VH.framework.tests.mobile.AccessMapsiOS.preRequisites(AccessMapsiOS.java:45)
Caused by: java.net.ConnectException: Connection refused
at java.net.PlainSocketImpl.socketConnect(Native Method)
at java.net.AbstractPlainSocketImpl.doConnect(AbstractPlainSocketImpl.java:350)
at java.net.AbstractPlainSocketImpl.connectToAddress(AbstractPlainSocketImpl.java:206)
at java.net.AbstractPlainSocketImpl.connect(AbstractPlainSocketImpl.java:188)
at java.net.SocksSocketImpl.connect(SocksSocketImpl.java:392)
at java.net.Socket.connect(Socket.java:589)
at okhttp3.internal.platform.Platform.connectSocket(Platform.java:129)
at okhttp3.internal.connection.RealConnection.connectSocket(RealConnection.java:245)
at okhttp3.internal.connection.RealConnection.connect(RealConnection.java:165)
at okhttp3.internal.connection.StreamAllocation.findConnection(StreamAllocation.java:257)
at okhttp3.internal.connection.StreamAllocation.findHealthyConnection(StreamAllocation.java:135)
at okhttp3.internal.connection.StreamAllocation.newStream(StreamAllocation.java:114)
at okhttp3.internal.connection.ConnectInterceptor.intercept(ConnectInterceptor.java:42)
at okhttp3.internal.http.RealInterceptorChain.proceed(RealInterceptorChain.java:147)
at okhttp3.internal.http.RealInterceptorChain.proceed(RealInterceptorChain.java:121)
at okhttp3.internal.cache.CacheInterceptor.intercept(CacheInterceptor.java:93)
at okhttp3.internal.http.RealInterceptorChain.proceed(RealInterceptorChain.java:147)
at okhttp3.internal.http.RealInterceptorChain.proceed(RealInterceptorChain.java:121)
at okhttp3.internal.http.BridgeInterceptor.intercept(BridgeInterceptor.java:93)
at okhttp3.internal.http.RealInterceptorChain.proceed(RealInterceptorChain.java:147)
at okhttp3.internal.http.RetryAndFollowUpInterceptor.intercept(RetryAndFollowUpInterceptor.java:126)
at okhttp3.internal.http.RealInterceptorChain.proceed(RealInterceptorChain.java:147)
at okhttp3.internal.http.RealInterceptorChain.proceed(RealInterceptorChain.java:121)
at okhttp3.RealCall.getResponseWithInterceptorChain(RealCall.java:200)
at okhttp3.RealCall.execute(RealCall.java:77)
at org.openqa.selenium.remote.internal.OkHttpClient.execute(OkHttpClient.java:103)
at org.openqa.selenium.remote.ProtocolHandshake.createSession(ProtocolHandshake.java:105)
at io.appium.java_client.remote.AppiumCommandExecutor$1.createSession(AppiumCommandExecutor.java:186)
at io.appium.java_client.remote.AppiumCommandExecutor.createSession(AppiumCommandExecutor.java:217)
at io.appium.java_client.remote.AppiumCommandExecutor.execute(AppiumCommandExecutor.java:239)
... 36 more
... Removed 28 stack frames]]>
    </failure>
  </testcase> <!-- @BeforeTest preRequisites -->
  <testcase name="@BeforeClass prepareTests" time="0.0" classname="br.com.VH.framework.tests.mobile.AccessMapsiOS">
    <skipped/>
  </testcase> <!-- @BeforeClass prepareTests -->
  <testcase name="@BeforeMethod setUpTest" time="0.0" classname="br.com.VH.framework.tests.mobile.AccessMapsiOS">
    <skipped/>
  </testcase> <!-- @BeforeMethod setUpTest -->
  <testcase name="@AfterMethod tearDown" time="0.0" classname="br.com.VH.framework.tests.mobile.AccessMapsiOS">
    <skipped/>
  </testcase> <!-- @AfterMethod tearDown -->
  <testcase name="@AfterClass finishTests" time="0.0" classname="br.com.VH.framework.tests.mobile.AccessMapsiOS">
    <skipped/>
  </testcase> <!-- @AfterClass finishTests -->
  <testcase name="@AfterTest afterTest" time="0.0" classname="br.com.VH.framework.tests.mobile.AccessMapsiOS">
    <skipped/>
  </testcase> <!-- @AfterTest afterTest -->
  <testcase name="accessGooglePage" time="0.0" classname="br.com.VH.framework.tests.mobile.AccessMapsiOS">
    <skipped/>
  </testcase> <!-- accessGooglePage -->
</testsuite> <!-- Acessar o app Maps via iOS -->
